android/app/build/intermediates/manifest_merge_blame_file/debug/manifest-merger-blame-debug-report.txt
1<?xml version="1.0" encoding="utf-8"?>
2<manifest xmlns:android="http://schemas.android.com/apk/res/android"
3    package="com.example.start1"
4    android:versionCode="1"
5    android:versionName="1.0.0" >
6
7    <uses-sdk
8        android:minSdkVersion="23"
9        android:targetSdkVersion="33" />
10    <!--
11         The INTERNET permission is required for development. Specifically,
12         the Flutter tool needs it to communicate with the running application
13         to allow setting breakpoints, to provide hot reload, etc.
14    -->
15    <uses-permission android:name="android.permission.INTERNET" />
15-->src\main\AndroidManifest.xml:57:5-67
15-->src\main\AndroidManifest.xml:57:22-64
16    <!-- Permissions and queries -->
17    <queries>
17-->src\main\AndroidManifest.xml:40:5-54:15
18
19        <!-- Permission to query activities that process text -->
20        <intent>
20-->src\main\AndroidManifest.xml:42:9-45:18
21            <action android:name="android.intent.action.PROCESS_TEXT" />
21-->src\main\AndroidManifest.xml:43:13-73
21-->src\main\AndroidManifest.xml:43:21-70
22
23            <data android:mimeType="text/plain" />
23-->src\main\AndroidManifest.xml:44:13-51
23-->src\main\AndroidManifest.xml:44:19-48
24        </intent>
25
26        <!-- Permission to handle web URLs -->
27        <intent>
27-->src\main\AndroidManifest.xml:48:9-53:18
28            <action android:name="android.intent.action.VIEW" />
28-->src\main\AndroidManifest.xml:49:13-65
28-->src\main\AndroidManifest.xml:49:21-62
29
30            <category android:name="android.intent.category.BROWSABLE" />
30-->src\main\AndroidManifest.xml:50:13-74
30-->src\main\AndroidManifest.xml:50:23-71
31
32            <data android:scheme="http" />
32-->src\main\AndroidManifest.xml:44:13-51
33            <data />
33-->src\main\AndroidManifest.xml:44:13-51
34        </intent>
35    </queries>
36
37    <uses-permission android:name="android.permission.ACCESS_NETWORK_STATE" />
37-->src\main\AndroidManifest.xml:58:5-79
37-->src\main\AndroidManifest.xml:58:22-76
38    <uses-permission android:name="android.permission.WAKE_LOCK" /> <!-- Permissions options for the `notification` group -->
38-->[:firebase_messaging] AndroidManifest.xml:8:5-68
38-->[:firebase_messaging] AndroidManifest.xml:8:22-65
39    <uses-permission android:name="android.permission.POST_NOTIFICATIONS" />
39-->[:firebase_messaging] AndroidManifest.xml:11:5-77
39-->[:firebase_messaging] AndroidManifest.xml:11:22-74
40    <uses-permission android:name="android.permission.VIBRATE" /> <!-- Required by older versions of Google Play services to create IID tokens -->
40-->[:flutter_local_notifications] AndroidManifest.xml:7:5-66
40-->[:flutter_local_notifications] AndroidManifest.xml:7:22-63
41    <uses-permission android:name="com.google.android.c2dm.permission.RECEIVE" />
41-->[com.google.firebase:firebase-messaging:24.1.0] AndroidManifest.xml:26:5-82
41-->[com.google.firebase:firebase-messaging:24.1.0] AndroidManifest.xml:26:22-79
42    <uses-permission android:name="com.google.android.providers.gsf.permission.READ_GSERVICES" />
42-->[com.google.android.recaptcha:recaptcha:18.5.1] AndroidManifest.xml:9:5-98
42-->[com.google.android.recaptcha:recaptcha:18.5.1] AndroidManifest.xml:9:22-95
43
44    <permission
44-->[androidx.core:core:1.13.1] AndroidManifest.xml:22:5-24:47
45        android:name="com.example.start1.DYNAMIC_RECEIVER_NOT_EXPORTED_PERMISSION"
45-->[androidx.core:core:1.13.1] AndroidManifest.xml:23:9-81
46        android:protectionLevel="signature" />
46-->[androidx.core:core:1.13.1] AndroidManifest.xml:24:9-44
47
48    <uses-permission android:name="com.example.start1.DYNAMIC_RECEIVER_NOT_EXPORTED_PERMISSION" /> <!-- Application declaration -->
48-->[androidx.core:core:1.13.1] AndroidManifest.xml:26:5-97
48-->[androidx.core:core:1.13.1] AndroidManifest.xml:26:22-94
49    <application
50        android:name="android.app.Application"
51        android:appComponentFactory="androidx.core.app.CoreComponentFactory"
51-->[androidx.core:core:1.13.1] AndroidManifest.xml:28:18-86
52        android:debuggable="true"
53        android:extractNativeLibs="false"
54        android:icon="@mipmap/ic_launcher"
55        android:label="start1" >
56
57        <!-- Main Activity -->
58        <activity
59            android:name="com.example.start1.MainActivity"
60            android:configChanges="orientation|keyboardHidden|keyboard|screenSize|smallestScreenSize|locale|layoutDirection|fontScale|screenLayout|density|uiMode"
61            android:exported="true"
62            android:hardwareAccelerated="true"
63            android:launchMode="singleTop"
64            android:taskAffinity=""
65            android:theme="@style/LaunchTheme"
66            android:windowSoftInputMode="adjustResize" >
67
68            <!-- Specifies an Android theme -->
69            <meta-data
70                android:name="io.flutter.embedding.android.NormalTheme"
71                android:resource="@style/NormalTheme" />
72
73            <!-- Intent filter to launch the app -->
74            <intent-filter>
75                <action android:name="android.intent.action.MAIN" />
76
77                <category android:name="android.intent.category.LAUNCHER" />
78            </intent-filter>
79        </activity>
80
81        <!-- Flutter plugin metadata -->
82        <meta-data
83            android:name="flutterEmbedding"
84            android:value="2" />
85
86        <service
86-->[:cloud_firestore] AndroidManifest.xml:8:9-12:19
87            android:name="com.google.firebase.components.ComponentDiscoveryService"
87-->[:cloud_firestore] AndroidManifest.xml:8:18-89
88            android:directBootAware="true"
88-->[com.google.firebase:firebase-common:21.0.0] AndroidManifest.xml:32:13-43
89            android:exported="false" >
89-->[com.google.firebase:firebase-auth:23.1.0] AndroidManifest.xml:68:13-37
90            <meta-data
90-->[:cloud_firestore] AndroidManifest.xml:9:13-11:85
91                android:name="com.google.firebase.components:io.flutter.plugins.firebase.firestore.FlutterFirebaseFirestoreRegistrar"
91-->[:cloud_firestore] AndroidManifest.xml:10:17-134
92                android:value="com.google.firebase.components.ComponentRegistrar" />
92-->[:cloud_firestore] AndroidManifest.xml:11:17-82
93            <meta-data
93-->[:firebase_auth] AndroidManifest.xml:9:13-11:85
94                android:name="com.google.firebase.components:io.flutter.plugins.firebase.auth.FlutterFirebaseAuthRegistrar"
94-->[:firebase_auth] AndroidManifest.xml:10:17-124
95                android:value="com.google.firebase.components.ComponentRegistrar" />
95-->[:firebase_auth] AndroidManifest.xml:11:17-82
96            <meta-data
96-->[:firebase_database] AndroidManifest.xml:9:13-11:85
97                android:name="com.google.firebase.components:io.flutter.plugins.firebase.database.FlutterFirebaseAppRegistrar"
97-->[:firebase_database] AndroidManifest.xml:10:17-127
98                android:value="com.google.firebase.components.ComponentRegistrar" />
98-->[:firebase_database] AndroidManifest.xml:11:17-82
99            <meta-data
99-->[:firebase_messaging] AndroidManifest.xml:36:13-38:85
100                android:name="com.google.firebase.components:io.flutter.plugins.firebase.messaging.FlutterFirebaseAppRegistrar"
100-->[:firebase_messaging] AndroidManifest.xml:37:17-128
101                android:value="com.google.firebase.components.ComponentRegistrar" />
101-->[:firebase_messaging] AndroidManifest.xml:38:17-82
102            <meta-data
102-->[:firebase_core] AndroidManifest.xml:9:13-11:85
103                android:name="com.google.firebase.components:io.flutter.plugins.firebase.core.FlutterFirebaseCoreRegistrar"
103-->[:firebase_core] AndroidManifest.xml:10:17-124
104                android:value="com.google.firebase.components.ComponentRegistrar" />
104-->[:firebase_core] AndroidManifest.xml:11:17-82
105            <meta-data
105-->[com.google.firebase:firebase-auth:23.1.0] AndroidManifest.xml:69:13-71:85
106                android:name="com.google.firebase.components:com.google.firebase.auth.FirebaseAuthRegistrar"
106-->[com.google.firebase:firebase-auth:23.1.0] AndroidManifest.xml:70:17-109
107                android:value="com.google.firebase.components.ComponentRegistrar" />
107-->[com.google.firebase:firebase-auth:23.1.0] AndroidManifest.xml:71:17-82
108            <meta-data
108-->[com.google.firebase:firebase-firestore:25.1.1] AndroidManifest.xml:17:13-19:85
109                android:name="com.google.firebase.components:com.google.firebase.firestore.FirebaseFirestoreKtxRegistrar"
109-->[com.google.firebase:firebase-firestore:25.1.1] AndroidManifest.xml:18:17-122
110                android:value="com.google.firebase.components.ComponentRegistrar" />
110-->[com.google.firebase:firebase-firestore:25.1.1] AndroidManifest.xml:19:17-82
111            <meta-data
111-->[com.google.firebase:firebase-firestore:25.1.1] AndroidManifest.xml:20:13-22:85
112                android:name="com.google.firebase.components:com.google.firebase.firestore.FirestoreRegistrar"
112-->[com.google.firebase:firebase-firestore:25.1.1] AndroidManifest.xml:21:17-111
113                android:value="com.google.firebase.components.ComponentRegistrar" />
113-->[com.google.firebase:firebase-firestore:25.1.1] AndroidManifest.xml:22:17-82
114            <meta-data
114-->[com.google.firebase:firebase-messaging:24.1.0] AndroidManifest.xml:57:13-59:85
115                android:name="com.google.firebase.components:com.google.firebase.messaging.FirebaseMessagingKtxRegistrar"
115-->[com.google.firebase:firebase-messaging:24.1.0] AndroidManifest.xml:58:17-122
116                android:value="com.google.firebase.components.ComponentRegistrar" />
116-->[com.google.firebase:firebase-messaging:24.1.0] AndroidManifest.xml:59:17-82
117            <meta-data
117-->[com.google.firebase:firebase-messaging:24.1.0] AndroidManifest.xml:60:13-62:85
118                android:name="com.google.firebase.components:com.google.firebase.messaging.FirebaseMessagingRegistrar"
118-->[com.google.firebase:firebase-messaging:24.1.0] AndroidManifest.xml:61:17-119
119                android:value="com.google.firebase.components.ComponentRegistrar" />
119-->[com.google.firebase:firebase-messaging:24.1.0] AndroidManifest.xml:62:17-82
120            <meta-data
120-->[com.google.firebase:firebase-database:21.0.0] AndroidManifest.xml:29:13-31:85
121                android:name="com.google.firebase.components:com.google.firebase.database.FirebaseDatabaseKtxRegistrar"
121-->[com.google.firebase:firebase-database:21.0.0] AndroidManifest.xml:30:17-120
122                android:value="com.google.firebase.components.ComponentRegistrar" />
122-->[com.google.firebase:firebase-database:21.0.0] AndroidManifest.xml:31:17-82
123            <meta-data
123-->[com.google.firebase:firebase-database:21.0.0] AndroidManifest.xml:32:13-34:85
124                android:name="com.google.firebase.components:com.google.firebase.database.DatabaseRegistrar"
124-->[com.google.firebase:firebase-database:21.0.0] AndroidManifest.xml:33:17-109
125                android:value="com.google.firebase.components.ComponentRegistrar" />
125-->[com.google.firebase:firebase-database:21.0.0] AndroidManifest.xml:34:17-82
126            <meta-data
126-->[com.google.firebase:firebase-installations:18.0.0] AndroidManifest.xml:15:13-17:85
127                android:name="com.google.firebase.components:com.google.firebase.installations.FirebaseInstallationsKtxRegistrar"
127-->[com.google.firebase:firebase-installations:18.0.0] AndroidManifest.xml:16:17-130
128                android:value="com.google.firebase.components.ComponentRegistrar" />
128-->[com.google.firebase:firebase-installations:18.0.0] AndroidManifest.xml:17:17-82
129            <meta-data
129-->[com.google.firebase:firebase-installations:18.0.0] AndroidManifest.xml:18:13-20:85
130                android:name="com.google.firebase.components:com.google.firebase.installations.FirebaseInstallationsRegistrar"
130-->[com.google.firebase:firebase-installations:18.0.0] AndroidManifest.xml:19:17-127
131                android:value="com.google.firebase.components.ComponentRegistrar" />
131-->[com.google.firebase:firebase-installations:18.0.0] AndroidManifest.xml:20:17-82
132            <meta-data
132-->[com.google.firebase:firebase-common-ktx:21.0.0] AndroidManifest.xml:12:13-14:85
133                android:name="com.google.firebase.components:com.google.firebase.ktx.FirebaseCommonLegacyRegistrar"
133-->[com.google.firebase:firebase-common-ktx:21.0.0] AndroidManifest.xml:13:17-116
134                android:value="com.google.firebase.components.ComponentRegistrar" />
134-->[com.google.firebase:firebase-common-ktx:21.0.0] AndroidManifest.xml:14:17-82
135            <meta-data
135-->[com.google.firebase:firebase-common:21.0.0] AndroidManifest.xml:35:13-37:85
136                android:name="com.google.firebase.components:com.google.firebase.FirebaseCommonKtxRegistrar"
136-->[com.google.firebase:firebase-common:21.0.0] AndroidManifest.xml:36:17-109
137                android:value="com.google.firebase.components.ComponentRegistrar" />
137-->[com.google.firebase:firebase-common:21.0.0] AndroidManifest.xml:37:17-82
138            <meta-data
138-->[com.google.firebase:firebase-datatransport:18.2.0] AndroidManifest.xml:25:13-27:85
139                android:name="com.google.firebase.components:com.google.firebase.datatransport.TransportRegistrar"
139-->[com.google.firebase:firebase-datatransport:18.2.0] AndroidManifest.xml:26:17-115
140                android:value="com.google.firebase.components.ComponentRegistrar" />
140-->[com.google.firebase:firebase-datatransport:18.2.0] AndroidManifest.xml:27:17-82
141        </service>
142        <service
142-->[:firebase_messaging] AndroidManifest.xml:14:9-17:72
143            android:name="io.flutter.plugins.firebase.messaging.FlutterFirebaseMessagingBackgroundService"
143-->[:firebase_messaging] AndroidManifest.xml:15:13-107
144            android:exported="false"
144-->[:firebase_messaging] AndroidManifest.xml:16:13-37
145            android:permission="android.permission.BIND_JOB_SERVICE" />
145-->[:firebase_messaging] AndroidManifest.xml:17:13-69
146        <service
146-->[:firebase_messaging] AndroidManifest.xml:18:9-24:19
147            android:name="io.flutter.plugins.firebase.messaging.FlutterFirebaseMessagingService"
147-->[:firebase_messaging] AndroidManifest.xml:19:13-97
148            android:exported="false" >
148-->[:firebase_messaging] AndroidManifest.xml:20:13-37
149            <intent-filter>
149-->[:firebase_messaging] AndroidManifest.xml:21:13-23:29
150                <action android:name="com.google.firebase.MESSAGING_EVENT" />
150-->[:firebase_messaging] AndroidManifest.xml:22:17-78
150-->[:firebase_messaging] AndroidManifest.xml:22:25-75
151            </intent-filter>
152        </service>
153
154        <receiver
154-->[:firebase_messaging] AndroidManifest.xml:26:9-33:20
155            android:name="io.flutter.plugins.firebase.messaging.FlutterFirebaseMessagingReceiver"
155-->[:firebase_messaging] AndroidManifest.xml:27:13-98
156            android:exported="true"
156-->[:firebase_messaging] AndroidManifest.xml:28:13-36
157            android:permission="com.google.android.c2dm.permission.SEND" >
157-->[:firebase_messaging] AndroidManifest.xml:29:13-73
158            <intent-filter>
158-->[:firebase_messaging] AndroidManifest.xml:30:13-32:29
159                <action android:name="com.google.android.c2dm.intent.RECEIVE" />
159-->[:firebase_messaging] AndroidManifest.xml:31:17-81
159-->[:firebase_messaging] AndroidManifest.xml:31:25-78
160            </intent-filter>
161        </receiver>
162
163        <provider
163-->[:firebase_messaging] AndroidManifest.xml:41:9-45:38
164            android:name="io.flutter.plugins.firebase.messaging.FlutterFirebaseMessagingInitProvider"
164-->[:firebase_messaging] AndroidManifest.xml:42:13-102
165            android:authorities="com.example.start1.flutterfirebasemessaginginitprovider"
165-->[:firebase_messaging] AndroidManifest.xml:43:13-88
166            android:exported="false"
166-->[:firebase_messaging] AndroidManifest.xml:44:13-37
167            android:initOrder="99" />
167-->[:firebase_messaging] AndroidManifest.xml:45:13-35
168
169        <activity
169-->[:url_launcher_android] AndroidManifest.xml:8:9-11:74
170            android:name="io.flutter.plugins.urllauncher.WebViewActivity"
170-->[:url_launcher_android] AndroidManifest.xml:9:13-74
171            android:exported="false"
171-->[:url_launcher_android] AndroidManifest.xml:10:13-37
172            android:theme="@android:style/Theme.NoTitleBar.Fullscreen" />
172-->[:url_launcher_android] AndroidManifest.xml:11:13-71
173        <activity
173-->[com.google.firebase:firebase-auth:23.1.0] AndroidManifest.xml:29:9-46:20
174            android:name="com.google.firebase.auth.internal.GenericIdpActivity"
174-->[com.google.firebase:firebase-auth:23.1.0] AndroidManifest.xml:30:13-80
175            android:excludeFromRecents="true"
175-->[com.google.firebase:firebase-auth:23.1.0] AndroidManifest.xml:31:13-46
176            android:exported="true"
176-->[com.google.firebase:firebase-auth:23.1.0] AndroidManifest.xml:32:13-36
177            android:launchMode="singleTask"
177-->[com.google.firebase:firebase-auth:23.1.0] AndroidManifest.xml:33:13-44
178            android:theme="@android:style/Theme.Translucent.NoTitleBar" >
178-->[com.google.firebase:firebase-auth:23.1.0] AndroidManifest.xml:34:13-72
179            <intent-filter>
179-->[com.google.firebase:firebase-auth:23.1.0] AndroidManifest.xml:35:13-45:29
180                <action android:name="android.intent.action.VIEW" />
180-->src\main\AndroidManifest.xml:49:13-65
180-->src\main\AndroidManifest.xml:49:21-62
181
182                <category android:name="android.intent.category.DEFAULT" />
182-->[com.google.firebase:firebase-auth:23.1.0] AndroidManifest.xml:38:17-76
182-->[com.google.firebase:firebase-auth:23.1.0] AndroidManifest.xml:38:27-73
183                <category android:name="android.intent.category.BROWSABLE" />
183-->src\main\AndroidManifest.xml:50:13-74
183-->src\main\AndroidManifest.xml:50:23-71
184
185                <data
185-->src\main\AndroidManifest.xml:44:13-51
186                    android:host="firebase.auth"
187                    android:path="/"
188                    android:scheme="genericidp" />
189            </intent-filter>
190        </activity>
191        <activity
191-->[com.google.firebase:firebase-auth:23.1.0] AndroidManifest.xml:47:9-64:20
192            android:name="com.google.firebase.auth.internal.RecaptchaActivity"
192-->[com.google.firebase:firebase-auth:23.1.0] AndroidManifest.xml:48:13-79
193            android:excludeFromRecents="true"
193-->[com.google.firebase:firebase-auth:23.1.0] AndroidManifest.xml:49:13-46
194            android:exported="true"
194-->[com.google.firebase:firebase-auth:23.1.0] AndroidManifest.xml:50:13-36
195            android:launchMode="singleTask"
195-->[com.google.firebase:firebase-auth:23.1.0] AndroidManifest.xml:51:13-44
196            android:theme="@android:style/Theme.Translucent.NoTitleBar" >
196-->[com.google.firebase:firebase-auth:23.1.0] AndroidManifest.xml:52:13-72
197            <intent-filter>
197-->[com.google.firebase:firebase-auth:23.1.0] AndroidManifest.xml:53:13-63:29
198                <action android:name="android.intent.action.VIEW" />
198-->src\main\AndroidManifest.xml:49:13-65
198-->src\main\AndroidManifest.xml:49:21-62
199
200                <category android:name="android.intent.category.DEFAULT" />
200-->[com.google.firebase:firebase-auth:23.1.0] AndroidManifest.xml:38:17-76
200-->[com.google.firebase:firebase-auth:23.1.0] AndroidManifest.xml:38:27-73
201                <category android:name="android.intent.category.BROWSABLE" />
201-->src\main\AndroidManifest.xml:50:13-74
201-->src\main\AndroidManifest.xml:50:23-71
202
203                <data
203-->src\main\AndroidManifest.xml:44:13-51
204                    android:host="firebase.auth"
205                    android:path="/"
206                    android:scheme="recaptcha" />
207            </intent-filter>
208        </activity>
209
210        <receiver
210-->[com.google.firebase:firebase-messaging:24.1.0] AndroidManifest.xml:29:9-40:20
211            android:name="com.google.firebase.iid.FirebaseInstanceIdReceiver"
211-->[com.google.firebase:firebase-messaging:24.1.0] AndroidManifest.xml:30:13-78
212            android:exported="true"
212-->[com.google.firebase:firebase-messaging:24.1.0] AndroidManifest.xml:31:13-36
213            android:permission="com.google.android.c2dm.permission.SEND" >
213-->[com.google.firebase:firebase-messaging:24.1.0] AndroidManifest.xml:32:13-73
214            <intent-filter>
214-->[:firebase_messaging] AndroidManifest.xml:30:13-32:29
215                <action android:name="com.google.android.c2dm.intent.RECEIVE" />
215-->[:firebase_messaging] AndroidManifest.xml:31:17-81
215-->[:firebase_messaging] AndroidManifest.xml:31:25-78
216            </intent-filter>
217
218            <meta-data
218-->[com.google.firebase:firebase-messaging:24.1.0] AndroidManifest.xml:37:13-39:40
219                android:name="com.google.android.gms.cloudmessaging.FINISHED_AFTER_HANDLED"
219-->[com.google.firebase:firebase-messaging:24.1.0] AndroidManifest.xml:38:17-92
220                android:value="true" />
220-->[com.google.firebase:firebase-messaging:24.1.0] AndroidManifest.xml:39:17-37
221        </receiver>
222        <!--
223             FirebaseMessagingService performs security checks at runtime,
224             but set to not exported to explicitly avoid allowing another app to call it.
225        -->
226        <service
226-->[com.google.firebase:firebase-messaging:24.1.0] AndroidManifest.xml:46:9-53:19
227            android:name="com.google.firebase.messaging.FirebaseMessagingService"
227-->[com.google.firebase:firebase-messaging:24.1.0] AndroidManifest.xml:47:13-82
228            android:directBootAware="true"
228-->[com.google.firebase:firebase-messaging:24.1.0] AndroidManifest.xml:48:13-43
229            android:exported="false" >
229-->[com.google.firebase:firebase-messaging:24.1.0] AndroidManifest.xml:49:13-37
230            <intent-filter android:priority="-500" >
230-->[:firebase_messaging] AndroidManifest.xml:21:13-23:29
231                <action android:name="com.google.firebase.MESSAGING_EVENT" />
231-->[:firebase_messaging] AndroidManifest.xml:22:17-78
231-->[:firebase_messaging] AndroidManifest.xml:22:25-75
232            </intent-filter>
233        </service>
234
235        <uses-library
235-->[androidx.window:window:1.2.0] AndroidManifest.xml:23:9-25:40
236            android:name="androidx.window.extensions"
236-->[androidx.window:window:1.2.0] AndroidManifest.xml:24:13-54
237            android:required="false" />
237-->[androidx.window:window:1.2.0] AndroidManifest.xml:25:13-37
238        <uses-library
238-->[androidx.window:window:1.2.0] AndroidManifest.xml:26:9-28:40
239            android:name="androidx.window.sidecar"
239-->[androidx.window:window:1.2.0] AndroidManifest.xml:27:13-51
240            android:required="false" />
240-->[androidx.window:window:1.2.0] AndroidManifest.xml:28:13-37
241
242        <provider
242-->[com.google.firebase:firebase-common:21.0.0] AndroidManifest.xml:23:9-28:39
243            android:name="com.google.firebase.provider.FirebaseInitProvider"
243-->[com.google.firebase:firebase-common:21.0.0] AndroidManifest.xml:24:13-77
244            android:authorities="com.example.start1.firebaseinitprovider"
244-->[com.google.firebase:firebase-common:21.0.0] AndroidManifest.xml:25:13-72
245            android:directBootAware="true"
245-->[com.google.firebase:firebase-common:21.0.0] AndroidManifest.xml:26:13-43
246            android:exported="false"
246-->[com.google.firebase:firebase-common:21.0.0] AndroidManifest.xml:27:13-37
247            android:initOrder="100" />
247-->[com.google.firebase:firebase-common:21.0.0] AndroidManifest.xml:28:13-36
248
249        <service
249-->[androidx.credentials:credentials-play-services-auth:1.2.0-rc01] AndroidManifest.xml:24:9-32:19
250            android:name="androidx.credentials.playservices.CredentialProviderMetadataHolder"
250-->[androidx.credentials:credentials-play-services-auth:1.2.0-rc01] AndroidManifest.xml:25:13-94
251            android:enabled="true"
251-->[androidx.credentials:credentials-play-services-auth:1.2.0-rc01] AndroidManifest.xml:26:13-35
252            android:exported="false" >
252-->[androidx.credentials:credentials-play-services-auth:1.2.0-rc01] AndroidManifest.xml:27:13-37
253            <meta-data
253-->[androidx.credentials:credentials-play-services-auth:1.2.0-rc01] AndroidManifest.xml:29:13-31:104
254                android:name="androidx.credentials.CREDENTIAL_PROVIDER_KEY"
254-->[androidx.credentials:credentials-play-services-auth:1.2.0-rc01] AndroidManifest.xml:30:17-76
255                android:value="androidx.credentials.playservices.CredentialProviderPlayServicesImpl" />
255-->[androidx.credentials:credentials-play-services-auth:1.2.0-rc01] AndroidManifest.xml:31:17-101
256        </service>
257
258        <activity
258-->[androidx.credentials:credentials-play-services-auth:1.2.0-rc01] AndroidManifest.xml:34:9-41:20
259            android:name="androidx.credentials.playservices.HiddenActivity"
259-->[androidx.credentials:credentials-play-services-auth:1.2.0-rc01] AndroidManifest.xml:35:13-76
260            android:configChanges="orientation|screenSize|screenLayout|keyboardHidden"
260-->[androidx.credentials:credentials-play-services-auth:1.2.0-rc01] AndroidManifest.xml:36:13-87
261            android:enabled="true"
261-->[androidx.credentials:credentials-play-services-auth:1.2.0-rc01] AndroidManifest.xml:37:13-35
262            android:exported="false"
262-->[androidx.credentials:credentials-play-services-auth:1.2.0-rc01] AndroidManifest.xml:38:13-37
263            android:fitsSystemWindows="true"
263-->[androidx.credentials:credentials-play-services-auth:1.2.0-rc01] AndroidManifest.xml:39:13-45
264            android:theme="@style/Theme.Hidden" >
264-->[androidx.credentials:credentials-play-services-auth:1.2.0-rc01] AndroidManifest.xml:40:13-48
265        </activity>
266        <activity
266-->[com.google.android.gms:play-services-auth:20.7.0] AndroidManifest.xml:23:9-27:75
267            android:name="com.google.android.gms.auth.api.signin.internal.SignInHubActivity"
267-->[com.google.android.gms:play-services-auth:20.7.0] AndroidManifest.xml:24:13-93
268            android:excludeFromRecents="true"
268-->[com.google.android.gms:play-services-auth:20.7.0] AndroidManifest.xml:25:13-46
269            android:exported="false"
269-->[com.google.android.gms:play-services-auth:20.7.0] AndroidManifest.xml:26:13-37
270            android:theme="@android:style/Theme.Translucent.NoTitleBar" />
270-->[com.google.android.gms:play-services-auth:20.7.0] AndroidManifest.xml:27:13-72
271        <!--
272            Service handling Google Sign-In user revocation. For apps that do not integrate with
273            Google Sign-In, this service will never be started.
274        -->
275        <service
275-->[com.google.android.gms:play-services-auth:20.7.0] AndroidManifest.xml:33:9-37:51
276            android:name="com.google.android.gms.auth.api.signin.RevocationBoundService"
276-->[com.google.android.gms:play-services-auth:20.7.0] AndroidManifest.xml:34:13-89
277            android:exported="true"
277-->[com.google.android.gms:play-services-auth:20.7.0] AndroidManifest.xml:35:13-36
278            android:permission="com.google.android.gms.auth.api.signin.permission.REVOCATION_NOTIFICATION"
278-->[com.google.android.gms:play-services-auth:20.7.0] AndroidManifest.xml:36:13-107
279            android:visibleToInstantApps="true" />
279-->[com.google.android.gms:play-services-auth:20.7.0] AndroidManifest.xml:37:13-48
280
281        <activity
281-->[com.google.android.gms:play-services-base:18.1.0] AndroidManifest.xml:20:9-22:45
282            android:name="com.google.android.gms.common.api.GoogleApiActivity"
282-->[com.google.android.gms:play-services-base:18.1.0] AndroidManifest.xml:20:19-85
283            android:exported="false"
283-->[com.google.android.gms:play-services-base:18.1.0] AndroidManifest.xml:22:19-43
284            android:theme="@android:style/Theme.Translucent.NoTitleBar" />
284-->[com.google.android.gms:play-services-base:18.1.0] AndroidManifest.xml:21:19-78
285
286        <provider
286-->[androidx.lifecycle:lifecycle-process:2.7.0] AndroidManifest.xml:24:9-32:20
287            android:name="androidx.startup.InitializationProvider"
287-->[androidx.lifecycle:lifecycle-process:2.7.0] AndroidManifest.xml:25:13-67
288            android:authorities="com.example.start1.androidx-startup"
288-->[androidx.lifecycle:lifecycle-process:2.7.0] AndroidManifest.xml:26:13-68
289            android:exported="false" >
289-->[androidx.lifecycle:lifecycle-process:2.7.0] AndroidManifest.xml:27:13-37
290            <meta-data
290-->[androidx.lifecycle:lifecycle-process:2.7.0] AndroidManifest.xml:29:13-31:52
291                android:name="androidx.lifecycle.ProcessLifecycleInitializer"
291-->[androidx.lifecycle:lifecycle-process:2.7.0] AndroidManifest.xml:30:17-78
292                android:value="androidx.startup" />
292-->[androidx.lifecycle:lifecycle-process:2.7.0] AndroidManifest.xml:31:17-49
293            <meta-data
293-->[androidx.profileinstaller:profileinstaller:1.3.1] AndroidManifest.xml:29:13-31:52
294                android:name="androidx.profileinstaller.ProfileInstallerInitializer"
294-->[androidx.profileinstaller:profileinstaller:1.3.1] AndroidManifest.xml:30:17-85
295                android:value="androidx.startup" />